Starting Nmap 7.93 ( https://nmap.org ) at 2023-03-09 08:41 CET
NSE: Loaded 155 scripts for scanning.
NSE: Script Pre-scanning.
NSE: Starting runlevel 1 (of 3) scan.
Initiating NSE at 08:41
Completed NSE at 08:41, 0.00s elapsed
NSE: Starting runlevel 2 (of 3) scan.
Initiating NSE at 08:41
Completed NSE at 08:41, 0.00s elapsed
NSE: Starting runlevel 3 (of 3) scan.
Initiating NSE at 08:41
Completed NSE at 08:41, 0.00s elapsed
Initiating Parallel DNS resolution of 1 host. at 08:41
Completed Parallel DNS resolution of 1 host. at 08:41, 0.02s elapsed
Initiating SYN Stealth Scan at 08:41
Scanning 10.10.151.167 [65535 ports]
Discovered open port 135/tcp on 10.10.151.167
Discovered open port 139/tcp on 10.10.151.167
Discovered open port 445/tcp on 10.10.151.167
Discovered open port 49154/tcp on 10.10.151.167
Discovered open port 49155/tcp on 10.10.151.167
Discovered open port 49153/tcp on 10.10.151.167
Discovered open port 49152/tcp on 10.10.151.167
SYN Stealth Scan Timing: About 43.89% done; ETC: 08:42 (0:00:40 remaining)
Discovered open port 49169/tcp on 10.10.151.167
Discovered open port 49156/tcp on 10.10.151.167
Discovered open port 47001/tcp on 10.10.151.167
Discovered open port 5985/tcp on 10.10.151.167
Discovered open port 49168/tcp on 10.10.151.167
Completed SYN Stealth Scan at 08:42, 58.04s elapsed (65535 total ports)
Initiating Service scan at 08:42
Scanning 12 services on 10.10.151.167
Service scan Timing: About 50.00% done; ETC: 08:44 (0:00:55 remaining)
Completed Service scan at 08:43, 59.50s elapsed (12 services on 1 host)
Initiating OS detection (try #1) against 10.10.151.167
Retrying OS detection (try #2) against 10.10.151.167
Retrying OS detection (try #3) against 10.10.151.167
Retrying OS detection (try #4) against 10.10.151.167
Retrying OS detection (try #5) against 10.10.151.167
Initiating Traceroute at 08:43
Completed Traceroute at 08:43, 0.05s elapsed
Initiating Parallel DNS resolution of 2 hosts. at 08:43
Completed Parallel DNS resolution of 2 hosts. at 08:43, 0.02s elapsed
NSE: Script scanning 10.10.151.167.
NSE: Starting runlevel 1 (of 3) scan.
Initiating NSE at 08:43
Completed NSE at 08:43, 5.77s elapsed
NSE: Starting runlevel 2 (of 3) scan.
Initiating NSE at 08:43
Completed NSE at 08:43, 0.17s elapsed
NSE: Starting runlevel 3 (of 3) scan.
Initiating NSE at 08:43
Completed NSE at 08:43, 0.00s elapsed
Nmap scan report for 10.10.151.167
Host is up, received user-set (0.037s latency).
Scanned at 2023-03-09 08:41:40 CET for 134s
Not shown: 65523 closed tcp ports (reset)
PORT      STATE SERVICE      REASON          VERSION
135/tcp   open  msrpc        syn-ack ttl 127 Microsoft Windows RPC
139/tcp   open  netbios-ssn  syn-ack ttl 127 Microsoft Windows netbios-ssn
445/tcp   open  microsoft-ds syn-ack ttl 127 Microsoft Windows Server 2008 R2 - 2012 microsoft-ds
5985/tcp  open  http         syn-ack ttl 127 Microsoft HTTPAPI httpd 2.0 (SSDP/UPnP)
|_http-server-header: Microsoft-HTTPAPI/2.0
|_http-title: Not Found
47001/tcp open  http         syn-ack ttl 127 Microsoft HTTPAPI httpd 2.0 (SSDP/UPnP)
|_http-title: Not Found
|_http-server-header: Microsoft-HTTPAPI/2.0
49152/tcp open  msrpc        syn-ack ttl 127 Microsoft Windows RPC
49153/tcp open  msrpc        syn-ack ttl 127 Microsoft Windows RPC
49154/tcp open  msrpc        syn-ack ttl 127 Microsoft Windows RPC
49155/tcp open  msrpc        syn-ack ttl 127 Microsoft Windows RPC
49156/tcp open  msrpc        syn-ack ttl 127 Microsoft Windows RPC
49168/tcp open  msrpc        syn-ack ttl 127 Microsoft Windows RPC
49169/tcp open  msrpc        syn-ack ttl 127 Microsoft Windows RPC
No exact OS matches for host (If you know what OS is running on it, see https://nmap.org/submit/ ).
TCP/IP fingerprint:
OS:SCAN(V=7.93%E=4%D=3/9%OT=135%CT=1%CU=35660%PV=Y%DS=2%DC=T%G=Y%TM=64098E3
OS:A%P=x86_64-pc-linux-gnu)SEQ(SP=100%GCD=1%ISR=10A%TI=I%CI=I%II=I%SS=S%TS=
OS:7)OPS(O1=M506NW8ST11%O2=M506NW8ST11%O3=M506NW8NNT11%O4=M506NW8ST11%O5=M5
OS:06NW8ST11%O6=M506ST11)WIN(W1=2000%W2=2000%W3=2000%W4=2000%W5=2000%W6=200
OS:0)ECN(R=Y%DF=Y%T=80%W=2000%O=M506NW8NNS%CC=Y%Q=)T1(R=Y%DF=Y%T=80%S=O%A=S
OS:+%F=AS%RD=0%Q=)T2(R=Y%DF=Y%T=80%W=0%S=Z%A=S%F=AR%O=%RD=0%Q=)T3(R=Y%DF=Y%
OS:T=80%W=0%S=Z%A=O%F=AR%O=%RD=0%Q=)T4(R=Y%DF=Y%T=80%W=0%S=A%A=O%F=R%O=%RD=
OS:0%Q=)T5(R=Y%DF=Y%T=80%W=0%S=Z%A=S+%F=AR%O=%RD=0%Q=)T6(R=Y%DF=Y%T=80%W=0%
OS:S=A%A=O%F=R%O=%RD=0%Q=)T7(R=Y%DF=Y%T=80%W=0%S=Z%A=S+%F=AR%O=%RD=0%Q=)U1(
OS:R=Y%DF=N%T=80%IPL=164%UN=0%RIPL=G%RID=G%RIPCK=G%RUCK=G%RUD=G)IE(R=Y%DFI=
OS:N%T=80%CD=Z)

Uptime guess: 0.002 days (since Thu Mar  9 08:40:47 2023)
Network Distance: 2 hops
TCP Sequence Prediction: Difficulty=246 (Good luck!)
IP ID Sequence Generation: Incremental
Service Info: OSs: Windows, Windows Server 2008 R2 - 2012; CPE: cpe:/o:microsoft:windows

Host script results:
| smb-security-mode: 
|   account_used: guest
|   authentication_level: user
|   challenge_response: supported
|_  message_signing: disabled (dangerous, but default)
| smb2-security-mode: 
|   302: 
|_    Message signing enabled but not required
| nbstat: NetBIOS name: STEELMOUNTAIN, NetBIOS user: <unknown>, NetBIOS MAC: 02076e961893 (unknown)
| Names:
|   STEELMOUNTAIN<20>    Flags: <unique><active>
|   STEELMOUNTAIN<00>    Flags: <unique><active>
|   WORKGROUP<00>        Flags: <group><active>
| Statistics:
|   02076e9618930000000000000000000000
|   0000000000000000000000000000000000
|_  0000000000000000000000000000
| p2p-conficker: 
|   Checking for Conficker.C or higher...
|   Check 1 (port 17757/tcp): CLEAN (Couldn't connect)
|   Check 2 (port 41195/tcp): CLEAN (Couldn't connect)
|   Check 3 (port 44658/udp): CLEAN (Failed to receive data)
|   Check 4 (port 55421/udp): CLEAN (Timeout)
|_  0/4 checks are positive: Host is CLEAN or ports are blocked
| smb2-time: 
|   date: 2023-03-09T07:43:50
|_  start_date: 2023-03-09T07:41:39
|_clock-skew: mean: 1s, deviation: 0s, median: 0s

TRACEROUTE (using port 995/tcp)
HOP RTT      ADDRESS
1   36.67 ms 10.18.0.1
2   36.84 ms 10.10.151.167

NSE: Script Post-scanning.
NSE: Starting runlevel 1 (of 3) scan.
Initiating NSE at 08:43
Completed NSE at 08:43, 0.00s elapsed
NSE: Starting runlevel 2 (of 3) scan.
Initiating NSE at 08:43
Completed NSE at 08:43, 0.00s elapsed
NSE: Starting runlevel 3 (of 3) scan.
Initiating NSE at 08:43
Completed NSE at 08:43, 0.00s elapsed
Read data files from: /usr/bin/../share/nmap
OS and Service detection performed. Please report any incorrect results at https://nmap.org/submit/ .
Nmap done: 1 IP address (1 host up) scanned in 134.87 seconds
           Raw packets sent: 65976 (2.907MB) | Rcvd: 65626 (2.629MB)
